This is pdfTeX, Version 3.14159265-2.6-1.40.17 (TeX Live 2016) (preloaded format=pdflatex 2017.1.27)  17 JAN 2018 22:43
entering extended mode
 restricted \write18 enabled.
 %&-line parsing enabled.
**ps_template.tex
(./ps_template.tex
LaTeX2e <2016/03/31>
Babel <3.9r> and hyphenation patterns for 22 language(s) loaded.
(/usr/local/texlive/2016basic/texmf-dist/tex/latex/base/article.cls
Document Class: article 2014/09/29 v1.4h Standard LaTeX document class
(/usr/local/texlive/2016basic/texmf-dist/tex/latex/base/size11.clo
File: size11.clo 2014/09/29 v1.4h Standard LaTeX file (size option)
)
\c@part=\count79
\c@section=\count80
\c@subsection=\count81
\c@subsubsection=\count82
\c@paragraph=\count83
\c@subparagraph=\count84
\c@figure=\count85
\c@table=\count86
\abovecaptionskip=\skip41
\belowcaptionskip=\skip42
\bibindent=\dimen102
)
(/usr/local/texlive/2016basic/texmf-dist/tex/latex/xcolor/xcolor.sty
Package: xcolor 2016/05/11 v2.12 LaTeX color extensions (UK)

(/usr/local/texlive/2016basic/texmf-dist/tex/latex/graphics-cfg/color.cfg
File: color.cfg 2016/01/02 v1.6 sample color configuration
)
Package xcolor Info: Package option `usenames' ignored on input line 216.
Package xcolor Info: Driver file: pdftex.def on input line 225.

(/usr/local/texlive/2016basic/texmf-dist/tex/latex/pdftex-def/pdftex.def
File: pdftex.def 2011/05/27 v0.06d Graphics/color for pdfTeX

(/usr/local/texlive/2016basic/texmf-dist/tex/generic/oberdiek/infwarerr.sty
Package: infwarerr 2016/05/16 v1.4 Providing info/warning/error messages (HO)
)
(/usr/local/texlive/2016basic/texmf-dist/tex/generic/oberdiek/ltxcmds.sty
Package: ltxcmds 2016/05/16 v1.23 LaTeX kernel commands for general use (HO)
)
\Gread@gobject=\count87
)
(/usr/local/texlive/2016basic/texmf-dist/tex/latex/colortbl/colortbl.sty
Package: colortbl 2012/02/13 v1.0a Color table columns (DPC)

(/usr/local/texlive/2016basic/texmf-dist/tex/latex/tools/array.sty
Package: array 2014/10/28 v2.4c Tabular extension package (FMi)
\col@sep=\dimen103
\extrarowheight=\dimen104
\NC@list=\toks14
\extratabsurround=\skip43
\backup@length=\skip44
)
\everycr=\toks15
\minrowclearance=\skip45
)
\rownum=\count88
Package xcolor Info: Model `cmy' substituted by `cmy0' on input line 1348.
Package xcolor Info: Model `hsb' substituted by `rgb' on input line 1352.
Package xcolor Info: Model `RGB' extended on input line 1364.
Package xcolor Info: Model `HTML' substituted by `rgb' on input line 1366.
Package xcolor Info: Model `Hsb' substituted by `hsb' on input line 1367.
Package xcolor Info: Model `tHsb' substituted by `hsb' on input line 1368.
Package xcolor Info: Model `HSB' substituted by `hsb' on input line 1369.
Package xcolor Info: Model `Gray' substituted by `gray' on input line 1370.
Package xcolor Info: Model `wave' substituted by `hsb' on input line 1371.

(/usr/local/texlive/2016basic/texmf-dist/tex/latex/graphics/dvipsnam.def
File: dvipsnam.def 2015/12/30 v3.0k Driver-dependent file (DPC,SPQR)
)
(/usr/local/texlive/2016basic/texmf-dist/tex/latex/xcolor/svgnam.def
File: svgnam.def 2016/05/11 v2.12 Predefined colors according to SVG 1.1 (UK)
))
(/usr/local/texlive/2016basic/texmf-dist/tex/latex/amsmath/amsmath.sty
Package: amsmath 2016/03/10 v2.15b AMS math features
\@mathmargin=\skip46

For additional information on amsmath, use the `?' option.
(/usr/local/texlive/2016basic/texmf-dist/tex/latex/amsmath/amstext.sty
Package: amstext 2000/06/29 v2.01 AMS text

(/usr/local/texlive/2016basic/texmf-dist/tex/latex/amsmath/amsgen.sty
File: amsgen.sty 1999/11/30 v2.0 generic functions
\@emptytoks=\toks16
\ex@=\dimen105
))
(/usr/local/texlive/2016basic/texmf-dist/tex/latex/amsmath/amsbsy.sty
Package: amsbsy 1999/11/29 v1.2d Bold Symbols
\pmbraise@=\dimen106
)
(/usr/local/texlive/2016basic/texmf-dist/tex/latex/amsmath/amsopn.sty
Package: amsopn 2016/03/08 v2.02 operator names
)
\inf@bad=\count89
LaTeX Info: Redefining \frac on input line 199.
\uproot@=\count90
\leftroot@=\count91
LaTeX Info: Redefining \overline on input line 297.
\classnum@=\count92
\DOTSCASE@=\count93
LaTeX Info: Redefining \ldots on input line 394.
LaTeX Info: Redefining \dots on input line 397.
LaTeX Info: Redefining \cdots on input line 518.
\Mathstrutbox@=\box26
\strutbox@=\box27
\big@size=\dimen107
LaTeX Font Info:    Redeclaring font encoding OML on input line 634.
LaTeX Font Info:    Redeclaring font encoding OMS on input line 635.
\macc@depth=\count94
\c@MaxMatrixCols=\count95
\dotsspace@=\muskip10
\c@parentequation=\count96
\dspbrk@lvl=\count97
\tag@help=\toks17
\row@=\count98
\column@=\count99
\maxfields@=\count100
\andhelp@=\toks18
\eqnshift@=\dimen108
\alignsep@=\dimen109
\tagshift@=\dimen110
\tagwidth@=\dimen111
\totwidth@=\dimen112
\lineht@=\dimen113
\@envbody=\toks19
\multlinegap=\skip47
\multlinetaggap=\skip48
\mathdisplay@stack=\toks20
LaTeX Info: Redefining \[ on input line 2739.
LaTeX Info: Redefining \] on input line 2740.
)
(/usr/local/texlive/2016basic/texmf-dist/tex/latex/listings/listings.sty
(/usr/local/texlive/2016basic/texmf-dist/tex/latex/graphics/keyval.sty
Package: keyval 2014/10/28 v1.15 key=value parser (DPC)
\KV@toks@=\toks21
)
\lst@mode=\count101
\lst@gtempboxa=\box28
\lst@token=\toks22
\lst@length=\count102
\lst@currlwidth=\dimen114
\lst@column=\count103
\lst@pos=\count104
\lst@lostspace=\dimen115
\lst@width=\dimen116
\lst@newlines=\count105
\lst@lineno=\count106
\lst@maxwidth=\dimen117

(/usr/local/texlive/2016basic/texmf-dist/tex/latex/listings/lstmisc.sty
File: lstmisc.sty 2015/06/04 1.6 (Carsten Heinz)
\c@lstnumber=\count107
\lst@skipnumbers=\count108
\lst@framebox=\box29
)
(/usr/local/texlive/2016basic/texmf-dist/tex/latex/listings/listings.cfg
File: listings.cfg 2015/06/04 1.6 listings configuration
))
Package: listings 2015/06/04 1.6 (Carsten Heinz)

(/usr/local/texlive/2016basic/texmf-dist/tex/latex/graphics/graphicx.sty
Package: graphicx 2014/10/28 v1.0g Enhanced LaTeX Graphics (DPC,SPQR)

(/usr/local/texlive/2016basic/texmf-dist/tex/latex/graphics/graphics.sty
Package: graphics 2016/05/09 v1.0r Standard LaTeX Graphics (DPC,SPQR)

(/usr/local/texlive/2016basic/texmf-dist/tex/latex/graphics/trig.sty
Package: trig 2016/01/03 v1.10 sin cos tan (DPC)
)
(/usr/local/texlive/2016basic/texmf-dist/tex/latex/graphics-cfg/graphics.cfg
File: graphics.cfg 2016/01/02 v1.10 sample graphics configuration
)
Package graphics Info: Driver file: pdftex.def on input line 96.
)
\Gin@req@height=\dimen118
\Gin@req@width=\dimen119
) (./ps_template.aux)
\openout1 = `ps_template.aux'.

LaTeX Font Info:    Checking defaults for OML/cmm/m/it on input line 16.
LaTeX Font Info:    ... okay on input line 16.
LaTeX Font Info:    Checking defaults for T1/cmr/m/n on input line 16.
LaTeX Font Info:    ... okay on input line 16.
LaTeX Font Info:    Checking defaults for OT1/cmr/m/n on input line 16.
LaTeX Font Info:    ... okay on input line 16.
LaTeX Font Info:    Checking defaults for OMS/cmsy/m/n on input line 16.
LaTeX Font Info:    ... okay on input line 16.
LaTeX Font Info:    Checking defaults for OMX/cmex/m/n on input line 16.
LaTeX Font Info:    ... okay on input line 16.
LaTeX Font Info:    Checking defaults for U/cmr/m/n on input line 16.
LaTeX Font Info:    ... okay on input line 16.

(/usr/local/texlive/2016basic/texmf-dist/tex/context/base/mkii/supp-pdf.mkii
[Loading MPS to PDF converter (version 2006.09.02).]
\scratchcounter=\count109
\scratchdimen=\dimen120
\scratchbox=\box30
\nofMPsegments=\count110
\nofMParguments=\count111
\everyMPshowfont=\toks23
\MPscratchCnt=\count112
\MPscratchDim=\dimen121
\MPnumerator=\count113
\makeMPintoPDFobject=\count114
\everyMPtoPDFconversion=\toks24
)
\c@lstlisting=\count115
 (/usr/local/texlive/2016basic/texmf-dist/tex/generic/oberdiek/pdftexcmds.sty
Package: pdftexcmds 2016/05/10 v0.21 Utility functions of pdfTeX for LuaTeX (HO
)

(/usr/local/texlive/2016basic/texmf-dist/tex/generic/oberdiek/ifluatex.sty
Package: ifluatex 2016/05/16 v1.4 Provides the ifluatex switch (HO)
Package ifluatex Info: LuaTeX not detected.
)
(/usr/local/texlive/2016basic/texmf-dist/tex/generic/oberdiek/ifpdf.sty
Package: ifpdf 2016/05/14 v3.1 Provides the ifpdf switch
)
Package pdftexcmds Info: LuaTeX not detected.
Package pdftexcmds Info: \pdf@primitive is available.
Package pdftexcmds Info: \pdf@ifprimitive is available.
Package pdftexcmds Info: \pdfdraftmode found.
)
(/usr/local/texlive/2016basic/texmf-dist/tex/latex/oberdiek/epstopdf-base.sty
Package: epstopdf-base 2016/05/15 v2.6 Base part for package epstopdf

(/usr/local/texlive/2016basic/texmf-dist/tex/latex/oberdiek/grfext.sty
Package: grfext 2016/05/16 v1.2 Manage graphics extensions (HO)

(/usr/local/texlive/2016basic/texmf-dist/tex/generic/oberdiek/kvdefinekeys.sty
Package: kvdefinekeys 2016/05/16 v1.4 Define keys (HO)
)) (/usr/local/texlive/2016basic/texmf-dist/tex/latex/oberdiek/kvoptions.sty
Package: kvoptions 2016/05/16 v3.12 Key value format for package options (HO)

(/usr/local/texlive/2016basic/texmf-dist/tex/generic/oberdiek/kvsetkeys.sty
Package: kvsetkeys 2016/05/16 v1.17 Key value parser (HO)

(/usr/local/texlive/2016basic/texmf-dist/tex/generic/oberdiek/etexcmds.sty
Package: etexcmds 2016/05/16 v1.6 Avoid name clashes with e-TeX commands (HO)
Package etexcmds Info: Could not find \expanded.
(etexcmds)             That can mean that you are not using pdfTeX 1.50 or
(etexcmds)             that some package has redefined \expanded.
(etexcmds)             In the latter case, load this package earlier.
)))
Package grfext Info: Graphics extension search list:
(grfext)             [.png,.pdf,.jpg,.mps,.jpeg,.jbig2,.jb2,.PNG,.PDF,.JPG,.JPE
G,.JBIG2,.JB2,.eps]
(grfext)             \AppendGraphicsExtensions on input line 456.

(/usr/local/texlive/2016basic/texmf-dist/tex/latex/latexconfig/epstopdf-sys.cfg
File: epstopdf-sys.cfg 2010/07/13 v1.3 Configuration of (r)epstopdf for TeX Liv
e
))
Underfull \hbox (badness 10000) in paragraph at lines 26--27

 []

[1

{/usr/local/texlive/2016basic/texmf-var/fonts/map/pdftex/updmap/pdftex.map}]
Underfull \hbox (badness 10000) in paragraph at lines 76--77

 []

[2] [3] [4] [5] [6]
Overfull \hbox (9.01862pt too wide) in paragraph at lines 228--229
[][][][][][][][][][][][][][][][][][][][][][][][][][][][][] 
 []


Overfull \hbox (15.58868pt too wide) in paragraph at lines 231--232
[][][][][][][][][][][][][][][][][][][][][][][][][] 
 []


Overfull \hbox (100.99957pt too wide) in paragraph at lines 232--233
[][][][][][][][][][][][][][][][][][][][][][][][] 
 []


Overfull \hbox (22.15875pt too wide) in paragraph at lines 233--234
[][][][][][][][][][][][][][][][] 
 []


Overfull \hbox (48.43903pt too wide) in paragraph at lines 234--236
[][][][][][][][][][][][][][][] 
 []


Overfull \hbox (68.14923pt too wide) in paragraph at lines 236--237
[][][][][][][][][][][][][][][][][][][][][][][][][][][][] 
 []


Overfull \hbox (120.70978pt too wide) in paragraph at lines 237--238
[][][][][][][][][][][][][][][][][][][][][][][][] 
 []


Overfull \hbox (2.44855pt too wide) in paragraph at lines 238--239
[][][][][][][][][][][][][][] 
 []


Overfull \hbox (92.77795pt too wide) in paragraph at lines 256--256
 []\OT1/cmtt/m/n/10.95 Suppose the transition from 0s to 1s happens at index i 
(i > n/2), where n[] 
 []


Overfull \hbox (98.52664pt too wide) in paragraph at lines 256--256
 []\OT1/cmtt/m/n/10.95 is the number of elements in the array. Since the transi
tion happens in the[] 
 []


Overfull \hbox (115.7727pt too wide) in paragraph at lines 256--256
 []\OT1/cmtt/m/n/10.95 second half of the array, all elements to the left of th
e middle index are 0s,[] 
 []


Overfull \hbox (115.7727pt too wide) in paragraph at lines 256--256
 []\OT1/cmtt/m/n/10.95 and we only need to search the right half of the array. 
On the recursive call,[] 
 []


Overfull \hbox (98.52664pt too wide) in paragraph at lines 256--256
 []\OT1/cmtt/m/n/10.95 the problem remains the same but is a smaller problem. S
imilarly, it can be[] 
 []


Overfull \hbox (110.02402pt too wide) in paragraph at lines 256--256
 []\OT1/cmtt/m/n/10.95 shown that the algorithm will always examine the correct
 index if i < n/2. If[] 
 []


Overfull \hbox (121.5214pt too wide) in paragraph at lines 256--256
 []\OT1/cmtt/m/n/10.95 the transition happens in the dead center, then this wil
l be found on the first[] 
 []


Overfull \hbox (23.7937pt too wide) in paragraph at lines 256--256
 []\OT1/cmtt/m/n/10.95 call and the result returned. Hence, the algorithm is co
rrect.[] 
 []


Overfull \hbox (69.7832pt too wide) in paragraph at lines 256--256
 []\OT1/cmtt/m/n/10.95 At every recursive call, the problem size is reduced by 
half. This can[] 
 []


Overfull \hbox (92.77795pt too wide) in paragraph at lines 256--256
 []\OT1/cmtt/m/n/10.95 The solution to this recurrence relation is an algorithm
 of O(log n) time.[] 
 []

[7] [8] <images/9a(i).png, id=39, 496.85625pt x 491.8375pt>
File: images/9a(i).png Graphic file (type png)

<use images/9a(i).png>
Package pdftex.def Info: images/9a(i).png used on input line 300.
(pdftex.def)             Requested size: 198.73897pt x 196.7315pt.
 <images/9a(ii).png, id=41, 497.86pt x 498.86375pt>
File: images/9a(ii).png Graphic file (type png)

<use images/9a(ii).png>
Package pdftex.def Info: images/9a(ii).png used on input line 305.
(pdftex.def)             Requested size: 199.14047pt x 199.54196pt.
 <images/9a(iii).png, id=42, 498.86375pt x 498.86375pt>
File: images/9a(iii).png Graphic file (type png)

<use images/9a(iii).png>
Package pdftex.def Info: images/9a(iii).png used on input line 310.
(pdftex.def)             Requested size: 199.54196pt x 199.54196pt.
 [9 <./images/9a(i).png> <./images/9a(ii).png>]
<images/9a(iv).png, id=48, 501.875pt x 495.8525pt>
File: images/9a(iv).png Graphic file (type png)
 <use images/9a(iv).png>
Package pdftex.def Info: images/9a(iv).png used on input line 315.
(pdftex.def)             Requested size: 200.74643pt x 198.33748pt.

[10 <./images/9a(iii).png> <./images/9a(iv).png>]
Underfull \hbox (badness 10000) in paragraph at lines 404--405

 []

[11]
Underfull \hbox (badness 10000) in paragraph at lines 420--421

 []

[12] <images/10a.png, id=62, 578.16pt x 433.62pt>
File: images/10a.png Graphic file (type png)
 <use images/10a.png>
Package pdftex.def Info: images/10a.png used on input line 447.
(pdftex.def)             Requested size: 289.07928pt x 216.80946pt.

<images/10b.png, id=63, 578.16pt x 433.62pt>
File: images/10b.png Graphic file (type png)
 <use images/10b.png>
Package pdftex.def Info: images/10b.png used on input line 451.
(pdftex.def)             Requested size: 289.07928pt x 216.80946pt.

<images/10c.png, id=64, 578.16pt x 433.62pt>
File: images/10c.png Graphic file (type png)
 <use images/10c.png>
Package pdftex.def Info: images/10c.png used on input line 455.
(pdftex.def)             Requested size: 289.07928pt x 216.80946pt.
 [13 <./images/10a.png> <./images/10b.png>] <images/10d.png, id=71, 578.16pt x 
433.62pt>
File: images/10d.png Graphic file (type png)

<use images/10d.png>
Package pdftex.def Info: images/10d.png used on input line 459.
(pdftex.def)             Requested size: 289.07928pt x 216.80946pt.
 <images/10e.png, id=72, 578.16pt x 433.62pt>
File: images/10e.png Graphic file (type png)

<use images/10e.png>
Package pdftex.def Info: images/10e.png used on input line 463.
(pdftex.def)             Requested size: 289.07928pt x 216.80946pt.
 [14 <./images/10c.png> <./images/10d.png>] [15 <./images/10e.png>]
(/usr/local/texlive/2016basic/texmf-dist/tex/latex/listings/lstlang1.sty
File: lstlang1.sty 2015/06/04 1.6 listings language file
)
[16] [17] (./ps_template.aux) ) 
Here is how much of TeX's memory you used:
 4282 strings out of 494447
 59303 string characters out of 6166766
 163589 words of memory out of 5000000
 7563 multiletter control sequences out of 15000+600000
 9877 words of font info for 36 fonts, out of 8000000 for 9000
 319 hyphenation exceptions out of 8191
 41i,7n,42p,299b,1052s stack positions out of 5000i,500n,10000p,200000b,80000s
</usr/local/texlive/2016basic/texmf-dist/fonts/t
ype1/public/amsfonts/cm/cmbx10.pfb></usr/local/texlive/2016basic/texmf-dist/fon
ts/type1/public/amsfonts/cm/cmbx12.pfb></usr/local/texlive/2016basic/texmf-dist
/fonts/type1/public/amsfonts/cm/cmex10.pfb></usr/local/texlive/2016basic/texmf-
dist/fonts/type1/public/amsfonts/cm/cmmi10.pfb></usr/local/texlive/2016basic/te
xmf-dist/fonts/type1/public/amsfonts/cm/cmmi6.pfb></usr/local/texlive/2016basic
/texmf-dist/fonts/type1/public/amsfonts/cm/cmmi8.pfb></usr/local/texlive/2016ba
sic/texmf-dist/fonts/type1/public/amsfonts/cm/cmr10.pfb></usr/local/texlive/201
6basic/texmf-dist/fonts/type1/public/amsfonts/cm/cmr17.pfb></usr/local/texlive/
2016basic/texmf-dist/fonts/type1/public/amsfonts/cm/cmr6.pfb></usr/local/texliv
e/2016basic/texmf-dist/fonts/type1/public/amsfonts/cm/cmr8.pfb></usr/local/texl
ive/2016basic/texmf-dist/fonts/type1/public/amsfonts/cm/cmsy10.pfb></usr/local/
texlive/2016basic/texmf-dist/fonts/type1/public/amsfonts/cm/cmsy8.pfb></usr/loc
al/texlive/2016basic/texmf-dist/fonts/type1/public/amsfonts/cm/cmtt10.pfb>
Output written on ps_template.pdf (17 pages, 611839 bytes).
PDF statistics:
 130 PDF objects out of 1000 (max. 8388607)
 79 compressed objects within 1 object stream
 0 named destinations out of 1000 (max. 500000)
 46 words of extra memory for PDF output out of 10000 (max. 10000000)

