This is pdfTeX, Version 3.14159265-2.6-1.40.17 (TeX Live 2016) (preloaded format=pdflatex 2017.1.27)  9 MAR 2018 23:47
entering extended mode
 restricted \write18 enabled.
 %&-line parsing enabled.
**ps_template.tex
(./ps_template.tex
LaTeX2e <2016/03/31>
Babel <3.9r> and hyphenation patterns for 22 language(s) loaded.
(/usr/local/texlive/2016basic/texmf-dist/tex/latex/base/article.cls
Document Class: article 2014/09/29 v1.4h Standard LaTeX document class
(/usr/local/texlive/2016basic/texmf-dist/tex/latex/base/size11.clo
File: size11.clo 2014/09/29 v1.4h Standard LaTeX file (size option)
)
\c@part=\count79
\c@section=\count80
\c@subsection=\count81
\c@subsubsection=\count82
\c@paragraph=\count83
\c@subparagraph=\count84
\c@figure=\count85
\c@table=\count86
\abovecaptionskip=\skip41
\belowcaptionskip=\skip42
\bibindent=\dimen102
)
(/usr/local/texlive/2016basic/texmf-dist/tex/latex/xcolor/xcolor.sty
Package: xcolor 2016/05/11 v2.12 LaTeX color extensions (UK)

(/usr/local/texlive/2016basic/texmf-dist/tex/latex/graphics-cfg/color.cfg
File: color.cfg 2016/01/02 v1.6 sample color configuration
)
Package xcolor Info: Package option `usenames' ignored on input line 216.
Package xcolor Info: Driver file: pdftex.def on input line 225.

(/usr/local/texlive/2016basic/texmf-dist/tex/latex/pdftex-def/pdftex.def
File: pdftex.def 2011/05/27 v0.06d Graphics/color for pdfTeX

(/usr/local/texlive/2016basic/texmf-dist/tex/generic/oberdiek/infwarerr.sty
Package: infwarerr 2016/05/16 v1.4 Providing info/warning/error messages (HO)
)
(/usr/local/texlive/2016basic/texmf-dist/tex/generic/oberdiek/ltxcmds.sty
Package: ltxcmds 2016/05/16 v1.23 LaTeX kernel commands for general use (HO)
)
\Gread@gobject=\count87
)
(/usr/local/texlive/2016basic/texmf-dist/tex/latex/colortbl/colortbl.sty
Package: colortbl 2012/02/13 v1.0a Color table columns (DPC)

(/usr/local/texlive/2016basic/texmf-dist/tex/latex/tools/array.sty
Package: array 2014/10/28 v2.4c Tabular extension package (FMi)
\col@sep=\dimen103
\extrarowheight=\dimen104
\NC@list=\toks14
\extratabsurround=\skip43
\backup@length=\skip44
)
\everycr=\toks15
\minrowclearance=\skip45
)
\rownum=\count88
Package xcolor Info: Model `cmy' substituted by `cmy0' on input line 1348.
Package xcolor Info: Model `hsb' substituted by `rgb' on input line 1352.
Package xcolor Info: Model `RGB' extended on input line 1364.
Package xcolor Info: Model `HTML' substituted by `rgb' on input line 1366.
Package xcolor Info: Model `Hsb' substituted by `hsb' on input line 1367.
Package xcolor Info: Model `tHsb' substituted by `hsb' on input line 1368.
Package xcolor Info: Model `HSB' substituted by `hsb' on input line 1369.
Package xcolor Info: Model `Gray' substituted by `gray' on input line 1370.
Package xcolor Info: Model `wave' substituted by `hsb' on input line 1371.

(/usr/local/texlive/2016basic/texmf-dist/tex/latex/graphics/dvipsnam.def
File: dvipsnam.def 2015/12/30 v3.0k Driver-dependent file (DPC,SPQR)
)
(/usr/local/texlive/2016basic/texmf-dist/tex/latex/xcolor/svgnam.def
File: svgnam.def 2016/05/11 v2.12 Predefined colors according to SVG 1.1 (UK)
))
(./ps_template.aux)
\openout1 = `ps_template.aux'.

LaTeX Font Info:    Checking defaults for OML/cmm/m/it on input line 16.
LaTeX Font Info:    ... okay on input line 16.
LaTeX Font Info:    Checking defaults for T1/cmr/m/n on input line 16.
LaTeX Font Info:    ... okay on input line 16.
LaTeX Font Info:    Checking defaults for OT1/cmr/m/n on input line 16.
LaTeX Font Info:    ... okay on input line 16.
LaTeX Font Info:    Checking defaults for OMS/cmsy/m/n on input line 16.
LaTeX Font Info:    ... okay on input line 16.
LaTeX Font Info:    Checking defaults for OMX/cmex/m/n on input line 16.
LaTeX Font Info:    ... okay on input line 16.
LaTeX Font Info:    Checking defaults for U/cmr/m/n on input line 16.
LaTeX Font Info:    ... okay on input line 16.

(/usr/local/texlive/2016basic/texmf-dist/tex/context/base/mkii/supp-pdf.mkii
[Loading MPS to PDF converter (version 2006.09.02).]
\scratchcounter=\count89
\scratchdimen=\dimen105
\scratchbox=\box26
\nofMPsegments=\count90
\nofMParguments=\count91
\everyMPshowfont=\toks16
\MPscratchCnt=\count92
\MPscratchDim=\dimen106
\MPnumerator=\count93
\makeMPintoPDFobject=\count94
\everyMPtoPDFconversion=\toks17
)
LaTeX Font Info:    External font `cmex10' loaded for size
(Font)              <12> on input line 20.
LaTeX Font Info:    External font `cmex10' loaded for size
(Font)              <8> on input line 20.
LaTeX Font Info:    External font `cmex10' loaded for size
(Font)              <6> on input line 20.


LaTeX Warning: No \author given.

LaTeX Font Info:    External font `cmex10' loaded for size
(Font)              <10.95> on input line 30.
[1

{/usr/local/texlive/2016basic/texmf-var/fonts/map/pdftex/updmap/pdftex.map}]
LaTeX Font Info:    Try loading font information for OMS+cmr on input line 51.

(/usr/local/texlive/2016basic/texmf-dist/tex/latex/base/omscmr.fd
File: omscmr.fd 2014/09/29 v2.5h Standard LaTeX font definitions
)
LaTeX Font Info:    Font shape `OMS/cmr/m/n' in size <10.95> not available
(Font)              Font shape `OMS/cmsy/m/n' tried instead on input line 51.

Overfull \hbox (26.13463pt too wide) detected at line 64
\OML/cmm/m/it/10.95 P\OT1/cmr/m/n/10.95 (\OML/cmm/m/it/10.95 first \OT1/cmr/m/n
/10.95 = \OML/cmm/m/it/10.95 A\OT1/cmr/m/n/10.95 ) = \OML/cmm/m/it/10.95 P\OT1/
cmr/m/n/10.95 (\OML/cmm/m/it/10.95 O[] \OT1/cmr/m/n/10.95 = \OML/cmm/m/it/10.95
 A\OMS/cmsy/m/n/10.95 j\OML/cmm/m/it/10.95 q[] \OT1/cmr/m/n/10.95 = 1) \OMS/cms
y/m/n/10.95 ^^A \OML/cmm/m/it/10.95 P\OT1/cmr/m/n/10.95 (\OML/cmm/m/it/10.95 q[
] \OT1/cmr/m/n/10.95 = 1) + \OML/cmm/m/it/10.95 P\OT1/cmr/m/n/10.95 (\OML/cmm/m
/it/10.95 O[] \OT1/cmr/m/n/10.95 = \OML/cmm/m/it/10.95 A\OMS/cmsy/m/n/10.95 j\O
ML/cmm/m/it/10.95 q[] \OT1/cmr/m/n/10.95 = 2) \OMS/cmsy/m/n/10.95 ^^A \OML/cmm/
m/it/10.95 P\OT1/cmr/m/n/10.95 (\OML/cmm/m/it/10.95 q[] \OT1/cmr/m/n/10.95 = 2)

 []


Overfull \hbox (28.06223pt too wide) detected at line 71
\OML/cmm/m/it/10.95 P\OT1/cmr/m/n/10.95 (\OML/cmm/m/it/10.95 first \OT1/cmr/m/n
/10.95 = \OML/cmm/m/it/10.95 B\OT1/cmr/m/n/10.95 ) = \OML/cmm/m/it/10.95 P\OT1/
cmr/m/n/10.95 (\OML/cmm/m/it/10.95 O[] \OT1/cmr/m/n/10.95 = \OML/cmm/m/it/10.95
 B\OMS/cmsy/m/n/10.95 j\OML/cmm/m/it/10.95 q[] \OT1/cmr/m/n/10.95 = 1) \OMS/cms
y/m/n/10.95 ^^A \OML/cmm/m/it/10.95 P\OT1/cmr/m/n/10.95 (\OML/cmm/m/it/10.95 q[
] \OT1/cmr/m/n/10.95 = 1) + \OML/cmm/m/it/10.95 P\OT1/cmr/m/n/10.95 (\OML/cmm/m
/it/10.95 O[] \OT1/cmr/m/n/10.95 = \OML/cmm/m/it/10.95 B\OMS/cmsy/m/n/10.95 j\O
ML/cmm/m/it/10.95 q[] \OT1/cmr/m/n/10.95 = 2) \OMS/cmsy/m/n/10.95 ^^A \OML/cmm/
m/it/10.95 P\OT1/cmr/m/n/10.95 (\OML/cmm/m/it/10.95 q[] \OT1/cmr/m/n/10.95 = 2)

 []

[2]
Underfull \hbox (badness 10000) in paragraph at lines 85--90

 []

[3] (./ps_template.aux) ) 
Here is how much of TeX's memory you used:
 1705 strings out of 494447
 22393 string characters out of 6166766
 95104 words of memory out of 5000000
 5075 multiletter control sequences out of 15000+600000
 8504 words of font info for 30 fonts, out of 8000000 for 9000
 319 hyphenation exceptions out of 8191
 41i,7n,35p,202b,219s stack positions out of 5000i,500n,10000p,200000b,80000s
</usr/local/texlive/2016basic/texmf-dist/fonts/type1/p
ublic/amsfonts/cm/cmbx10.pfb></usr/local/texlive/2016basic/texmf-dist/fonts/typ
e1/public/amsfonts/cm/cmbx12.pfb></usr/local/texlive/2016basic/texmf-dist/fonts
/type1/public/amsfonts/cm/cmex10.pfb></usr/local/texlive/2016basic/texmf-dist/f
onts/type1/public/amsfonts/cm/cmmi10.pfb></usr/local/texlive/2016basic/texmf-di
st/fonts/type1/public/amsfonts/cm/cmmi6.pfb></usr/local/texlive/2016basic/texmf
-dist/fonts/type1/public/amsfonts/cm/cmmi8.pfb></usr/local/texlive/2016basic/te
xmf-dist/fonts/type1/public/amsfonts/cm/cmr10.pfb></usr/local/texlive/2016basic
/texmf-dist/fonts/type1/public/amsfonts/cm/cmr17.pfb></usr/local/texlive/2016ba
sic/texmf-dist/fonts/type1/public/amsfonts/cm/cmr8.pfb></usr/local/texlive/2016
basic/texmf-dist/fonts/type1/public/amsfonts/cm/cmsy10.pfb>
Output written on ps_template.pdf (3 pages, 104857 bytes).
PDF statistics:
 54 PDF objects out of 1000 (max. 8388607)
 38 compressed objects within 1 object stream
 0 named destinations out of 1000 (max. 500000)
 1 words of extra memory for PDF output out of 10000 (max. 10000000)

